<?xml version="1.0" encoding="UTF-8"?>
<testng-results skipped="0" failed="0" total="1" passed="1">
  <reporter-output>
  </reporter-output>
  <suite name="Whilt" duration-ms="50012" started-at="2018-05-30T11:28:29Z" finished-at="2018-05-30T11:29:19Z">
    <groups>
    </groups>
    <test name="test" duration-ms="50012" started-at="2018-05-30T11:28:29Z" finished-at="2018-05-30T11:29:19Z">
      <class name="testcase.LoginTest">
        <test-method status="PASS" signature="setup()[pri:0, instance:testcase.LoginTest@1d251891]" name="setup" is-config="true" duration-ms="22455" started-at="2018-05-30T19:28:29Z" finished-at="2018-05-30T19:28:52Z">
          <reporter-output>
          </reporter-output>
        </test-method> <!-- setup -->
        <test-method status="PASS" signature="login()[pri:0, instance:testcase.LoginTest@1d251891]" name="login" duration-ms="27038" started-at="2018-05-30T19:28:52Z" finished-at="2018-05-30T19:29:19Z">
          <reporter-output>
          </reporter-output>
        </test-method> <!-- login -->
        <test-method status="PASS" signature="teardown()[pri:0, instance:testcase.LoginTest@1d251891]" name="teardown" is-config="true" duration-ms="0" started-at="2018-05-30T19:29:19Z" finished-at="2018-05-30T19:29:19Z">
          <reporter-output>
          </reporter-output>
        </test-method> <!-- teardown -->
      </class> <!-- testcase.LoginTest -->
    </test> <!-- test -->
  </suite> <!-- Whilt -->
</testng-results>
