<?xml version="1.0" encoding="UTF-8"?>
<testng-results skipped="0" failed="0" total="1" passed="1">
  <reporter-output>
  </reporter-output>
  <suite name="Default suite" duration-ms="20" started-at="2018-05-31T06:15:28Z" finished-at="2018-05-31T06:15:28Z">
    <groups>
      <group name="fast">
        <method signature="test.afast()[pri:0, instance:haotest.test.test@5b275dab]" name="afast" class="haotest.test.test"/>
      </group> <!-- fast -->
    </groups>
    <test name="Default test" duration-ms="20" started-at="2018-05-31T06:15:28Z" finished-at="2018-05-31T06:15:28Z">
      <class name="haotest.test.test">
        <test-method status="PASS" signature="setup()[pri:0, instance:haotest.test.test@5b275dab]" name="setup" is-config="true" duration-ms="0" started-at="2018-05-31T14:15:28Z" finished-at="2018-05-31T14:15:28Z">
          <reporter-output>
          </reporter-output>
        </test-method> <!-- setup -->
        <test-method status="PASS" signature="afast()[pri:0, instance:haotest.test.test@5b275dab]" name="afast" duration-ms="16" started-at="2018-05-31T14:15:28Z" finished-at="2018-05-31T14:15:28Z">
          <reporter-output>
          </reporter-output>
        </test-method> <!-- afast -->
      </class> <!-- haotest.test.test -->
    </test> <!-- Default test -->
  </suite> <!-- Default suite -->
</testng-results>
